<?xml version="1.0" encoding="UTF-8"?>
<testsuite name="StepTest" tests="1" skipped="0" failures="0" errors="0" timestamp="2022-01-13T14:51:02" hostname="HOME_PC" time="18.883">
  <properties/>
  <testcase name="Проверить вкладку 'Issues' на странице Github" classname="StepTest" time="18.883"/>
  <system-out><![CDATA[]]></system-out>
  <system-err><![CDATA[]]></system-err>
</testsuite>
